This is pdfTeX, Version 3.14159265-2.6-1.40.17 (TeX Live 2016) (preloaded format=pdflatex 2016.6.8)  28 JUN 2016 15:51
entering extended mode
 restricted \write18 enabled.
 file:line:error style messages enabled.
 %&-line parsing enabled.
**Duku_et_al_Springer.tex
(./Duku_et_al_Springer.tex
LaTeX2e <2016/03/31>
Babel <3.9r> and hyphenation patterns for 22 language(s) loaded.

LaTeX Warning: File `example.eps' already exists on the system.
               Not generating it from this source.

(/usr/local/texlive/2016basic/texmf-dist/tex/latex/base/fix-cm.sty
Package: fix-cm 2015/01/14 v1.1t fixes to LaTeX
 (/usr/local/texlive/2016basic/texmf-dist/tex/latex/base/ts1enc.def
File: ts1enc.def 2001/06/05 v3.0e (jk/car/fm) Standard LaTeX file
)) (./svjour3.cls
Document Class: svjour3 2007/05/08 v3.2 
LaTeX document class for Springer journals
Class Springer-SVJour3 Info: extra/valid Springer sub-package (-> *.clo) 
(Springer-SVJour3)           not found in option list of \documentclass
(Springer-SVJour3)           - autoactivating "global" style.
(./svglov3.clo
File: svglov3.clo 2009/12/18 v3.2 style option for standardised journals

SVJour Class option: svglov3.clo for standardised journals
)
LaTeX Font Info:    Redeclaring math symbol \Gamma on input line 147.
LaTeX Font Info:    Redeclaring math symbol \Delta on input line 148.
LaTeX Font Info:    Redeclaring math symbol \Theta on input line 149.
LaTeX Font Info:    Redeclaring math symbol \Lambda on input line 150.
LaTeX Font Info:    Redeclaring math symbol \Xi on input line 151.
LaTeX Font Info:    Redeclaring math symbol \Pi on input line 152.
LaTeX Font Info:    Redeclaring math symbol \Sigma on input line 153.
LaTeX Font Info:    Redeclaring math symbol \Upsilon on input line 154.
LaTeX Font Info:    Redeclaring math symbol \Phi on input line 155.
LaTeX Font Info:    Redeclaring math symbol \Psi on input line 156.
LaTeX Font Info:    Redeclaring math symbol \Omega on input line 157.
\logodepth=\dimen102
\headerboxheight=\dimen103
\betweenumberspace=\dimen104
\aftertext=\dimen105
\headlineindent=\dimen106
\c@inst=\count79
\c@auth=\count80
\instindent=\dimen107
\authrun=\box26
\authorrunning=\toks14
\titrun=\box27
\titlerunning=\toks15
\combirun=\box28
\c@lastpage=\count81
\rubricwidth=\dimen108
\c@section=\count82
\c@subsection=\count83
\c@subsubsection=\count84
\c@paragraph=\count85
\c@subparagraph=\count86
\spthmsep=\dimen109
\c@theorem=\count87
\c@case=\count88
\c@conjecture=\count89
\c@corollary=\count90
\c@definition=\count91
\c@example=\count92
\c@exercise=\count93
\c@lemma=\count94
\c@note=\count95
\c@problem=\count96
\c@property=\count97
\c@proposition=\count98
\c@question=\count99
\c@solution=\count100
\c@remark=\count101
\c@figure=\count102
\c@table=\count103
\abovecaptionskip=\skip41
\belowcaptionskip=\skip42
\figcapgap=\dimen110
\tabcapgap=\dimen111
\figgap=\dimen112
\bibindent=\dimen113
\@tempcntc=\count104
) (/usr/local/texlive/2016basic/texmf-dist/tex/latex/natbib/natbib.sty
Package: natbib 2010/09/13 8.31b (PWD, AO)
\bibhang=\skip43
\bibsep=\skip44
LaTeX Info: Redefining \cite on input line 694.
\c@NAT@ctr=\count105
) (/usr/local/texlive/2016basic/texmf-dist/tex/latex/graphics/graphicx.sty
Package: graphicx 2014/10/28 v1.0g Enhanced LaTeX Graphics (DPC,SPQR)
 (/usr/local/texlive/2016basic/texmf-dist/tex/latex/graphics/keyval.sty
Package: keyval 2014/10/28 v1.15 key=value parser (DPC)
\KV@toks@=\toks16
) (/usr/local/texlive/2016basic/texmf-dist/tex/latex/graphics/graphics.sty
Package: graphics 2016/06/02 v1.0s Standard LaTeX Graphics (DPC,SPQR)
 (/usr/local/texlive/2016basic/texmf-dist/tex/latex/graphics/trig.sty
Package: trig 2016/01/03 v1.10 sin cos tan (DPC)
) (/usr/local/texlive/2016basic/texmf-dist/tex/latex/graphics-cfg/graphics.cfg
File: graphics.cfg 2016/06/04 v1.11 sample graphics configuration
)
Package graphics Info: Driver file: pdftex.def on input line 99.
 (/usr/local/texlive/2016basic/texmf-dist/tex/latex/pdftex-def/pdftex.def
File: pdftex.def 2016/06/17 v0.06h Graphics/color for pdfTeX
 (/usr/local/texlive/2016basic/texmf-dist/tex/generic/oberdiek/infwarerr.sty
Package: infwarerr 2016/05/16 v1.4 Providing info/warning/error messages (HO)
) (/usr/local/texlive/2016basic/texmf-dist/tex/generic/oberdiek/ltxcmds.sty
Package: ltxcmds 2016/05/16 v1.23 LaTeX kernel commands for general use (HO)
)
\Gread@gobject=\count106
))
\Gin@req@height=\dimen114
\Gin@req@width=\dimen115
) (/usr/local/texlive/2016basic/texmf-dist/tex/latex/psnfss/mathptmx.sty
Package: mathptmx 2005/04/12 PSNFSS-v9.2a Times w/ Math, improved (SPQR, WaS) 
LaTeX Font Info:    Redeclaring symbol font `operators' on input line 28.
LaTeX Font Info:    Overwriting symbol font `operators' in version `normal'
(Font)                  OT1/cmr/m/n --> OT1/ztmcm/m/n on input line 28.
LaTeX Font Info:    Overwriting symbol font `operators' in version `bold'
(Font)                  OT1/cmr/bx/n --> OT1/ztmcm/m/n on input line 28.
LaTeX Font Info:    Redeclaring symbol font `letters' on input line 29.
LaTeX Font Info:    Overwriting symbol font `letters' in version `normal'
(Font)                  OML/cmm/m/it --> OML/ztmcm/m/it on input line 29.
LaTeX Font Info:    Overwriting symbol font `letters' in version `bold'
(Font)                  OML/cmm/b/it --> OML/ztmcm/m/it on input line 29.
LaTeX Font Info:    Redeclaring symbol font `symbols' on input line 30.
LaTeX Font Info:    Overwriting symbol font `symbols' in version `normal'
(Font)                  OMS/cmsy/m/n --> OMS/ztmcm/m/n on input line 30.
LaTeX Font Info:    Overwriting symbol font `symbols' in version `bold'
(Font)                  OMS/cmsy/b/n --> OMS/ztmcm/m/n on input line 30.
LaTeX Font Info:    Redeclaring symbol font `largesymbols' on input line 31.
LaTeX Font Info:    Overwriting symbol font `largesymbols' in version `normal'
(Font)                  OMX/cmex/m/n --> OMX/ztmcm/m/n on input line 31.
LaTeX Font Info:    Overwriting symbol font `largesymbols' in version `bold'
(Font)                  OMX/cmex/m/n --> OMX/ztmcm/m/n on input line 31.
\symbold=\mathgroup4
\symitalic=\mathgroup5
LaTeX Font Info:    Redeclaring math alphabet \mathbf on input line 34.
LaTeX Font Info:    Overwriting math alphabet `\mathbf' in version `normal'
(Font)                  OT1/cmr/bx/n --> OT1/ptm/bx/n on input line 34.
LaTeX Font Info:    Overwriting math alphabet `\mathbf' in version `bold'
(Font)                  OT1/cmr/bx/n --> OT1/ptm/bx/n on input line 34.
LaTeX Font Info:    Redeclaring math alphabet \mathit on input line 35.
LaTeX Font Info:    Overwriting math alphabet `\mathit' in version `normal'
(Font)                  OT1/cmr/m/it --> OT1/ptm/m/it on input line 35.
LaTeX Font Info:    Overwriting math alphabet `\mathit' in version `bold'
(Font)                  OT1/cmr/bx/it --> OT1/ptm/m/it on input line 35.
LaTeX Info: Redefining \hbar on input line 50.
) (/usr/local/texlive/2016basic/texmf-dist/tex/latex/base/latexsym.sty
Package: latexsym 1998/08/17 v2.2e Standard LaTeX package (lasy symbols)
\symlasy=\mathgroup6
LaTeX Font Info:    Overwriting symbol font `lasy' in version `bold'
(Font)                  U/lasy/m/n --> U/lasy/b/n on input line 52.
) (./Duku_et_al_Springer.aux)
\openout1 = `Duku_et_al_Springer.aux'.

LaTeX Font Info:    Checking defaults for OML/cmm/m/it on input line 61.
LaTeX Font Info:    ... okay on input line 61.
LaTeX Font Info:    Checking defaults for T1/cmr/m/n on input line 61.
LaTeX Font Info:    ... okay on input line 61.
LaTeX Font Info:    Checking defaults for OT1/cmr/m/n on input line 61.
LaTeX Font Info:    ... okay on input line 61.
LaTeX Font Info:    Checking defaults for OMS/cmsy/m/n on input line 61.
LaTeX Font Info:    ... okay on input line 61.
LaTeX Font Info:    Checking defaults for OMX/cmex/m/n on input line 61.
LaTeX Font Info:    ... okay on input line 61.
LaTeX Font Info:    Checking defaults for U/cmr/m/n on input line 61.
LaTeX Font Info:    ... okay on input line 61.
LaTeX Font Info:    Checking defaults for TS1/cmr/m/n on input line 61.
LaTeX Font Info:    ... okay on input line 61.
LaTeX Font Info:    Try loading font information for OT1+ptm on input line 61.
 (/usr/local/texlive/2016basic/texmf-dist/tex/latex/psnfss/ot1ptm.fd
File: ot1ptm.fd 2001/06/04 font definitions for OT1/ptm.
) (/usr/local/texlive/2016basic/texmf-dist/tex/context/base/mkii/supp-pdf.mkii
[Loading MPS to PDF converter (version 2006.09.02).]
\scratchcounter=\count107
\scratchdimen=\dimen116
\scratchbox=\box29
\nofMPsegments=\count108
\nofMParguments=\count109
\everyMPshowfont=\toks17
\MPscratchCnt=\count110
\MPscratchDim=\dimen117
\MPnumerator=\count111
\makeMPintoPDFobject=\count112
\everyMPtoPDFconversion=\toks18
) (/usr/local/texlive/2016basic/texmf-dist/tex/generic/oberdiek/pdftexcmds.sty
Package: pdftexcmds 2016/05/21 v0.22 Utility functions of pdfTeX for LuaTeX (HO)
 (/usr/local/texlive/2016basic/texmf-dist/tex/generic/oberdiek/ifluatex.sty
Package: ifluatex 2016/05/16 v1.4 Provides the ifluatex switch (HO)
Package ifluatex Info: LuaTeX not detected.
) (/usr/local/texlive/2016basic/texmf-dist/tex/generic/oberdiek/ifpdf.sty
Package: ifpdf 2016/05/14 v3.1 Provides the ifpdf switch
)
Package pdftexcmds Info: LuaTeX not detected.
Package pdftexcmds Info: \pdf@primitive is available.
Package pdftexcmds Info: \pdf@ifprimitive is available.
Package pdftexcmds Info: \pdfdraftmode found.
) (/usr/local/texlive/2016basic/texmf-dist/tex/latex/oberdiek/epstopdf-base.sty
Package: epstopdf-base 2016/05/15 v2.6 Base part for package epstopdf
 (/usr/local/texlive/2016basic/texmf-dist/tex/latex/oberdiek/grfext.sty
Package: grfext 2016/05/16 v1.2 Manage graphics extensions (HO)
 (/usr/local/texlive/2016basic/texmf-dist/tex/generic/oberdiek/kvdefinekeys.sty
Package: kvdefinekeys 2016/05/16 v1.4 Define keys (HO)
)) (/usr/local/texlive/2016basic/texmf-dist/tex/latex/oberdiek/kvoptions.sty
Package: kvoptions 2016/05/16 v3.12 Key value format for package options (HO)
 (/usr/local/texlive/2016basic/texmf-dist/tex/generic/oberdiek/kvsetkeys.sty
Package: kvsetkeys 2016/05/16 v1.17 Key value parser (HO)
 (/usr/local/texlive/2016basic/texmf-dist/tex/generic/oberdiek/etexcmds.sty
Package: etexcmds 2016/05/16 v1.6 Avoid name clashes with e-TeX commands (HO)
Package etexcmds Info: Could not find \expanded.
(etexcmds)             That can mean that you are not using pdfTeX 1.50 or
(etexcmds)             that some package has redefined \expanded.
(etexcmds)             In the latter case, load this package earlier.
)))
Package epstopdf-base Info: Redefining graphics rule for `.eps' on input line 438.
Package grfext Info: Graphics extension search list:
(grfext)             [.png,.pdf,.jpg,.mps,.jpeg,.jbig2,.jb2,.PNG,.PDF,.JPG,.JPEG,.JBIG2,.JB2,.eps]
(grfext)             \AppendGraphicsExtensions on input line 456.
 (/usr/local/texlive/2016basic/texmf-dist/tex/latex/latexconfig/epstopdf-sys.cfg
File: epstopdf-sys.cfg 2010/07/13 v1.3 Configuration of (r)epstopdf for TeX Live
))
\big@size=\dimen118
LaTeX Font Info:    Font shape `OT1/ptm/bx/n' in size <9.5> not available
(Font)              Font shape `OT1/ptm/b/n' tried instead on input line 91.
LaTeX Font Info:    Font shape `OT1/ptm/bx/n' in size <13> not available
(Font)              Font shape `OT1/ptm/b/n' tried instead on input line 91.


Package mathptmx Warning: There are no bold math fonts on input line 91.

LaTeX Font Info:    Calculating math sizes for size <9.5> on input line 91.
LaTeX Font Info:    Try loading font information for OT1+ztmcm on input line 91.
(/usr/local/texlive/2016basic/texmf-dist/tex/latex/psnfss/ot1ztmcm.fd
File: ot1ztmcm.fd 2000/01/03 Fontinst v1.801 font definitions for OT1/ztmcm.
)
LaTeX Font Info:    Try loading font information for OML+ztmcm on input line 91.
 (/usr/local/texlive/2016basic/texmf-dist/tex/latex/psnfss/omlztmcm.fd
File: omlztmcm.fd 2000/01/03 Fontinst v1.801 font definitions for OML/ztmcm.
)
LaTeX Font Info:    Try loading font information for OMS+ztmcm on input line 91.
 (/usr/local/texlive/2016basic/texmf-dist/tex/latex/psnfss/omsztmcm.fd
File: omsztmcm.fd 2000/01/03 Fontinst v1.801 font definitions for OMS/ztmcm.
)
LaTeX Font Info:    Try loading font information for OMX+ztmcm on input line 91.
 (/usr/local/texlive/2016basic/texmf-dist/tex/latex/psnfss/omxztmcm.fd
File: omxztmcm.fd 2000/01/03 Fontinst v1.801 font definitions for OMX/ztmcm.
)
LaTeX Font Info:    Font shape `OT1/ptm/bx/n' in size <7.03004> not available
(Font)              Font shape `OT1/ptm/b/n' tried instead on input line 91.
LaTeX Font Info:    Font shape `OT1/ptm/bx/n' in size <5.70006> not available
(Font)              Font shape `OT1/ptm/b/n' tried instead on input line 91.
LaTeX Font Info:    Font shape `OT1/ptm/bx/n' in size <8> not available
(Font)              Font shape `OT1/ptm/b/n' tried instead on input line 91.
LaTeX Font Info:    Font shape `OT1/ptm/bx/n' in size <6> not available
(Font)              Font shape `OT1/ptm/b/n' tried instead on input line 91.
LaTeX Font Info:    Font shape `OT1/ptm/bx/n' in size <5> not available
(Font)              Font shape `OT1/ptm/b/n' tried instead on input line 91.
 [1{/usr/local/texlive/2016basic/texmf-var/fonts/map/pdftex/updmap/pdftex.map}] [2] [3] [4] [5]
Overfull \hbox (3.30946pt too wide) in paragraph at lines 194--207
[][] 
 []

[6] [7] [8]
Overfull \hbox (7.94427pt too wide) in paragraph at lines 245--247
\OT1/ptm/m/n/9.5 https://www.apsnet.org/edcenter/advanced/topics/BotanicalEpidemiology/Pages/default.aspx.
 []

(./Duku_et_al_Springer.bbl
Underfull \hbox (badness 1603) in paragraph at lines 13--18
\OT1/ptm/m/n/8 in Ecol-ogy & Evo-lu-tion 19(10):535--544, DOI http://dx.doi.org/10.1016/j.tree.2004.07.021, URL
 []


Underfull \hbox (badness 10000) in paragraph at lines 50--55
[]\OT1/ptm/m/n/8 Coakley SM, Scherm H, Chakraborty S (1999) Cli-mate change and plant dis-
 []


Underfull \hbox (badness 10000) in paragraph at lines 50--55
\OT1/ptm/m/n/8 ease man-age-ment. An-nual Re-view of Phy-topathol-ogy 37(1):399--426, DOI 
 []


Underfull \hbox (badness 10000) in paragraph at lines 50--55
\OT1/ptm/m/n/8 10.1146/annurev.phyto.37.1.399, URL http://dx.doi.org/10.1146/annurev.phyto.37.1.399, pMID:
 []

[9]
Underfull \hbox (badness 10000) in paragraph at lines 66--69
[]\OT1/ptm/m/n/8 Food and Agri-cul-ture Or-ga-ni-za-tion of the United Na-tions (2015) CROP-CAL-EN-DAR. Crop
 []


Underfull \hbox (badness 10000) in paragraph at lines 66--69
\OT1/ptm/m/n/8 cal-en-dar (Database). Web-page, URL http://data.fao.org/ref/2ca1cadd-9ee2-42ee-84d4-
 []


Underfull \hbox (badness 10000) in paragraph at lines 71--73
[]\OT1/ptm/m/n/8 Foundation PS (2014) The Python Lan-guage Ref-er-ence. Python Soft-ware Foun-da-tion, URL
 []


Underfull \hbox (badness 10000) in paragraph at lines 76--82
[]\OT1/ptm/m/n/8 Garrett KA, Dendy SP, Frank EE, Rouse MN, Travers SE (2006) Cli-mate
 []


Underfull \hbox (badness 10000) in paragraph at lines 76--82
\OT1/ptm/m/n/8 change ef-fects on plant dis-ease: Genomes to ecosys-tems. An-nual Re-view of
 []


Underfull \hbox (badness 10000) in paragraph at lines 76--82
\OT1/ptm/m/n/8 Phy-topathol-ogy 44(1):489--509, DOI 10.1146/annurev.phyto.44.070505.143420,
 []


Underfull \hbox (badness 10000) in paragraph at lines 76--82
\OT1/ptm/m/n/8 URL http://dx.doi.org/10.1146/annurev.phyto.44.070505.143420, pMID: 16722808,
 []


Underfull \hbox (badness 10000) in paragraph at lines 97--100
[]\OT1/ptm/m/n/8 Hijmans RJ (2014) raster: Ge-o-graphic data anal-y-sis and mod-el-ing. URL http://CRAN.R-
 []


Underfull \hbox (badness 2318) in paragraph at lines 122--126
[]\OT1/ptm/m/n/8 Juroszek P, von Tiede-mann A (2011) Po-ten-tial strate-gies and fu-ture re-quire-ments for plant dis-
 []


Underfull \hbox (badness 3849) in paragraph at lines 132--138
[]\OT1/ptm/m/n/8 Kim KH, Cho J, Lee YH, Lee WS (2015) Pre-dict-ing po-ten-tial epi-demics of rice leaf blast
 []


Underfull \hbox (badness 3930) in paragraph at lines 132--138
\OT1/ptm/m/n/8 and sheath blight in south ko-rea un-der the RCP 4.5 and RCP 8.5 cli-mate change sce-
 []


Underfull \hbox (badness 6236) in paragraph at lines 132--138
\OT1/ptm/m/n/8 nar-ios us-ing a rice dis-ease epi-demi-ol-ogy model, EPIRICE. Agri-cul-tural and For-est Me-
 []


Underfull \hbox (badness 10000) in paragraph at lines 132--138
\OT1/ptm/m/n/8 te-o-rol-ogy 203(0):191--207, DOI http://dx.doi.org/10.1016/j.agrformet.2015.01.011, URL
 []


Underfull \hbox (badness 10000) in paragraph at lines 140--144
[]\OT1/ptm/m/n/8 Liu J, Williams JR, Wang X, Yang H (2009) Us-ing MODAWEC to gen-er-
 []


Underfull \hbox (badness 10000) in paragraph at lines 140--144
\OT1/ptm/m/n/8 ate daily weather data for the EPIC model. En-vi-ron-men-tal Mod-elling & Soft-
 []


Underfull \hbox (badness 10000) in paragraph at lines 140--144
\OT1/ptm/m/n/8 ware 24(5):655--664, DOI http://dx.doi.org/10.1016/j.envsoft.2008.10.008, URL
 []

Missing character: There is no Ë in font ptmr7t!
Missing character: There is no › in font ptmr7t!
LaTeX Font Info:    Try loading font information for OMS+ptm on input line 171.
(/usr/local/texlive/2016basic/texmf-dist/tex/latex/psnfss/omsptm.fd
File: omsptm.fd 
)
LaTeX Font Info:    Font shape `OMS/ptm/m/n' in size <8> not available
(Font)              Font shape `OMS/cmsy/m/n' tried instead on input line 171.

Underfull \hbox (badness 1983) in paragraph at lines 170--176
[]\OT1/ptm/m/n/8 Parry M, Rosen-zweig C, Igle-sias A, Liv-er-more M, Fis-cher G (2004) Ef-fects of cli-mate change
 []


Underfull \hbox (badness 1354) in paragraph at lines 170--176
\OT1/ptm/m/n/8 vi-ron-men-tal Change 14(1):53 -- 67, DOI http://dx.doi.org/10.1016/j.gloenvcha.2003.10.008, URL
 []


Underfull \vbox (badness 10000) has occurred while \output is active []

 [10]
Underfull \hbox (badness 1383) in paragraph at lines 187--193
\OT1/ptm/m/n/8 KG (2004) Rice yields de-cline with higher night tem-per-a-ture from global warm-ing. Pro-ceed-
 []


Underfull \hbox (badness 2277) in paragraph at lines 187--193
\OT1/ptm/m/n/8 ings of the Na-tional Academy of Sci-ences of the United States of Amer-ica 101(27):9971--
 []


Underfull \hbox (badness 10000) in paragraph at lines 187--193
\OT1/ptm/m/n/8 9975, DOI 10.1073/pnas.0403720101, URL http://www.pnas.org/content/101/27/9971.abstract,
 []


Underfull \hbox (badness 10000) in paragraph at lines 207--210
[]\OT1/ptm/m/n/8 Ripley B, Lap-s-ley M (2013) RODBC: ODBC Database Ac-cess. URL http://CRAN.R-
 []


Underfull \hbox (badness 10000) in paragraph at lines 213--217
[]\OT1/ptm/m/n/8 Rowhani P, Lo-bell DB, Lin-der-man M, Ra-mankutty N (2011) Cli-mate vari-
 []


Underfull \hbox (badness 10000) in paragraph at lines 213--217
\OT1/ptm/m/n/8 abil-ity and crop pro-duc-tion in Tan-za-nia. Agri-cul-tural and For-est Me-te-o-rol-
 []


Underfull \hbox (badness 10000) in paragraph at lines 213--217
\OT1/ptm/m/n/8 ogy 151(4):449--460, DOI http://dx.doi.org/10.1016/j.agrformet.2010.12.002, URL
 []


Underfull \hbox (badness 10000) in paragraph at lines 284--288
[]\OT1/ptm/m/n/8 Thornton PK, Jones PG, Ala-gar-swamy G, An-dresen J (2009) Spa-tial vari-a-tion of
 []


Underfull \hbox (badness 10000) in paragraph at lines 284--288
\OT1/ptm/m/n/8 crop yield re-sponse to cli-mate change in East Africa. Global En-vi-ron-men-tal
 []


Underfull \hbox (badness 10000) in paragraph at lines 284--288
\OT1/ptm/m/n/8 Change 19(1):54--65, DOI http://dx.doi.org/10.1016/j.gloenvcha.2008.08.005, URL
 []


Underfull \hbox (badness 1112) in paragraph at lines 305--312
[]\OT1/ptm/m/n/8 Willocquet L, Savary S, Fer-nan-dez L, Elazegui F, Castilla N, Zhu D, Tang Q, Huang S, Lin X,
 []


Underfull \hbox (badness 1590) in paragraph at lines 305--312
\OT1/ptm/m/n/8 Singh H, Sri-vas-tava R (2002) Struc-ture and val-i-da-tion of RI-CEPEST, a pro-duc-tion situation-
 []


Underfull \vbox (badness 10000) has occurred while \output is active []

 [11]) [12]
Package epstopdf Info: Source file: <Figures/Fig1.eps>
(epstopdf)                    date: 2016-04-11 15:01:15
(epstopdf)                    size: 419743 bytes
(epstopdf)             Output file: <Figures/Fig1-eps-converted-to.pdf>
(epstopdf)                    date: 2016-04-11 15:01:15
(epstopdf)                    size: 142638 bytes
(epstopdf)             Command: <repstopdf --outfile=Figures/Fig1-eps-converted-to.pdf Figures/Fig1.eps>
(epstopdf)             \includegraphics on input line 267.
Package epstopdf Info: Output file is already uptodate.
 <Figures/Fig1-eps-converted-to.pdf, id=47, 794.97pt x 614.295pt>
File: Figures/Fig1-eps-converted-to.pdf Graphic file (type pdf)
 <use Figures/Fig1-eps-converted-to.pdf>
Package pdftex.def Info: Figures/Fig1-eps-converted-to.pdf used on input line 267.
(pdftex.def)             Requested size: 495.07794pt x 382.57428pt.

Overfull \hbox (148.07794pt too wide) in paragraph at lines 267--268
[][] 
 []

Package epstopdf Info: Source file: <Figures/Fig2.eps>
(epstopdf)                    date: 2016-04-11 15:01:15
(epstopdf)                    size: 3008 bytes
(epstopdf)             Output file: <Figures/Fig2-eps-converted-to.pdf>
(epstopdf)                    date: 2016-04-11 15:01:15
(epstopdf)                    size: 15525 bytes
(epstopdf)             Command: <repstopdf --outfile=Figures/Fig2-eps-converted-to.pdf Figures/Fig2.eps>
(epstopdf)             \includegraphics on input line 274.
Package epstopdf Info: Output file is already uptodate.
<Figures/Fig2-eps-converted-to.pdf, id=48, 238.8925pt x 238.8925pt>
File: Figures/Fig2-eps-converted-to.pdf Graphic file (type pdf)
 <use Figures/Fig2-eps-converted-to.pdf>
Package pdftex.def Info: Figures/Fig2-eps-converted-to.pdf used on input line 274.
(pdftex.def)             Requested size: 239.00314pt x 239.00125pt.
Package epstopdf Info: Source file: <Figures/Fig3.eps>
(epstopdf)                    date: 2016-04-11 15:01:15
(epstopdf)                    size: 3008 bytes
(epstopdf)             Output file: <Figures/Fig3-eps-converted-to.pdf>
(epstopdf)                    date: 2016-04-11 15:01:15
(epstopdf)                    size: 16346 bytes
(epstopdf)             Command: <repstopdf --outfile=Figures/Fig3-eps-converted-to.pdf Figures/Fig3.eps>
(epstopdf)             \includegraphics on input line 281.
Package epstopdf Info: Output file is already uptodate.
 <Figures/Fig3-eps-converted-to.pdf, id=49, 238.8925pt x 238.8925pt>
File: Figures/Fig3-eps-converted-to.pdf Graphic file (type pdf)
 <use Figures/Fig3-eps-converted-to.pdf>
Package pdftex.def Info: Figures/Fig3-eps-converted-to.pdf used on input line 281.
(pdftex.def)             Requested size: 239.00314pt x 239.00125pt.
Package epstopdf Info: Source file: <Figures/Fig4.eps>
(epstopdf)                    date: 2016-04-11 15:01:15
(epstopdf)                    size: 38868 bytes
(epstopdf)             Output file: <Figures/Fig4-eps-converted-to.pdf>
(epstopdf)                    date: 2016-04-11 15:01:15
(epstopdf)                    size: 23524 bytes
(epstopdf)             Command: <repstopdf --outfile=Figures/Fig4-eps-converted-to.pdf Figures/Fig4.eps>
(epstopdf)             \includegraphics on input line 288.
Package epstopdf Info: Output file is already uptodate.
 <Figures/Fig4-eps-converted-to.pdf, id=50, 398.48875pt x 398.48875pt>
File: Figures/Fig4-eps-converted-to.pdf Graphic file (type pdf)
 <use Figures/Fig4-eps-converted-to.pdf>
Package pdftex.def Info: Figures/Fig4-eps-converted-to.pdf used on input line 288.
(pdftex.def)             Requested size: 239.00314pt x 239.00389pt.
Package epstopdf Info: Source file: <Figures/Fig5.eps>
(epstopdf)                    date: 2016-04-11 15:01:15
(epstopdf)                    size: 34407 bytes
(epstopdf)             Output file: <Figures/Fig5-eps-converted-to.pdf>
(epstopdf)                    date: 2016-04-11 15:01:15
(epstopdf)                    size: 22700 bytes
(epstopdf)             Command: <repstopdf --outfile=Figures/Fig5-eps-converted-to.pdf Figures/Fig5.eps>
(epstopdf)             \includegraphics on input line 295.
Package epstopdf Info: Output file is already uptodate.
 <Figures/Fig5-eps-converted-to.pdf, id=51, 398.48875pt x 398.48875pt>
File: Figures/Fig5-eps-converted-to.pdf Graphic file (type pdf)
 <use Figures/Fig5-eps-converted-to.pdf>
Package pdftex.def Info: Figures/Fig5-eps-converted-to.pdf used on input line 295.
(pdftex.def)             Requested size: 239.00314pt x 239.00389pt.
Package epstopdf Info: Source file: <Figures/Fig6.eps>
(epstopdf)                    date: 2016-04-11 15:01:15
(epstopdf)                    size: 36926 bytes
(epstopdf)             Output file: <Figures/Fig6-eps-converted-to.pdf>
(epstopdf)                    date: 2016-04-11 15:01:15
(epstopdf)                    size: 23080 bytes
(epstopdf)             Command: <repstopdf --outfile=Figures/Fig6-eps-converted-to.pdf Figures/Fig6.eps>
(epstopdf)             \includegraphics on input line 302.
Package epstopdf Info: Output file is already uptodate.
 <Figures/Fig6-eps-converted-to.pdf, id=52, 398.48875pt x 398.48875pt>
File: Figures/Fig6-eps-converted-to.pdf Graphic file (type pdf)
 <use Figures/Fig6-eps-converted-to.pdf>
Package pdftex.def Info: Figures/Fig6-eps-converted-to.pdf used on input line 302.
(pdftex.def)             Requested size: 239.00314pt x 239.00389pt.
Package epstopdf Info: Source file: <Figures/Fig7.eps>
(epstopdf)                    date: 2016-04-11 15:01:15
(epstopdf)                    size: 5020485 bytes
(epstopdf)             Output file: <Figures/Fig7-eps-converted-to.pdf>
(epstopdf)                    date: 2016-04-11 15:01:15
(epstopdf)                    size: 996237 bytes
(epstopdf)             Command: <repstopdf --outfile=Figures/Fig7-eps-converted-to.pdf Figures/Fig7.eps>
(epstopdf)             \includegraphics on input line 309.
Package epstopdf Info: Output file is already uptodate.
 <Figures/Fig7-eps-converted-to.pdf, id=53, 543.02875pt x 330.23375pt>
File: Figures/Fig7-eps-converted-to.pdf Graphic file (type pdf)
 <use Figures/Fig7-eps-converted-to.pdf>
Package pdftex.def Info: Figures/Fig7-eps-converted-to.pdf used on input line 309.
(pdftex.def)             Requested size: 495.07794pt x 301.0876pt.

Overfull \hbox (148.07794pt too wide) in paragraph at lines 309--310
[][] 
 []

[13 <./Figures/Fig1-eps-converted-to.pdf>] [14 <./Figures/Fig2-eps-converted-to.pdf>] [15 <./Figures/Fig3-eps-converted-to.pdf>] [16 <./Figures/Fig4-eps-converted-to.pdf>] [17 <./Figures/Fig5-eps-converted-to.pdf>] [18 <./Figures/Fig6-eps-converted-to.pdf>] [19 <./Figures/Fig7-eps-converted-to.pdf>] (./Duku_et_al_Springer.aux) ) 
Here is how much of TeX's memory you used:
 2933 strings out of 494447
 44630 string characters out of 6166767
 98983 words of memory out of 5000000
 6188 multiletter control sequences out of 15000+600000
 39743 words of font info for 91 fonts, out of 8000000 for 9000
 319 hyphenation exceptions out of 8191
 40i,9n,25p,2049b,378s stack positions out of 5000i,500n,10000p,200000b,80000s
{/usr/local/texlive/2016basic/texmf-dist/fonts/enc/dvips/base/8r.enc}</usr/local/texlive/2016basic/texmf-dist/fonts/type1/public/amsfonts/cm/cmmi10.pfb></usr/local/texlive/2016basic/texmf-dist/fonts/type1/public/amsfonts/cm/cmr10.pfb></usr/local/texlive/2016basic/texmf-dist/fonts/type1/public/amsfonts/cm/cmsy10.pfb></usr/local/texlive/2016basic/texmf-dist/fonts/type1/public/amsfonts/cm/cmsy8.pfb></usr/local/texlive/2016basic/texmf-dist/fonts/type1/urw/times/utmb8a.pfb></usr/local/texlive/2016basic/texmf-dist/fonts/type1/urw/times/utmr8a.pfb></usr/local/texlive/2016basic/texmf-dist/fonts/type1/urw/times/utmri8a.pfb>
Output written on Duku_et_al_Springer.pdf (19 pages, 1341305 bytes).
PDF statistics:
 154 PDF objects out of 1000 (max. 8388607)
 103 compressed objects within 2 object streams
 0 named destinations out of 1000 (max. 500000)
 36 words of extra memory for PDF output out of 10000 (max. 10000000)

