This is pdfTeX, Version 3.14159265-2.6-1.40.15 (TeX Live 2014) (preloaded format=pdflatex 2014.7.2)  3 JUL 2014 22:02
entering extended mode
 restricted \write18 enabled.
 %&-line parsing enabled.
**"Duku et al.tex"
(./Duku et al.tex
LaTeX2e <2014/05/01>
Babel <3.9k> and hyphenation patterns for 78 languages loaded.
(/usr/local/texlive/2014/texmf-dist/tex/latex/elsarticle/elsarticle.cls
Document Class: elsarticle 2009/09/17, 1.2.0: Elsevier Ltd
\@bls=\dimen102
(/usr/local/texlive/2014/texmf-dist/tex/latex/base/article.cls
Document Class: article 2007/10/19 v1.4h Standard LaTeX document class
(/usr/local/texlive/2014/texmf-dist/tex/latex/base/size12.clo
File: size12.clo 2007/10/19 v1.4h Standard LaTeX file (size option)
)
\c@part=\count79
\c@section=\count80
\c@subsection=\count81
\c@subsubsection=\count82
\c@paragraph=\count83
\c@subparagraph=\count84
\c@figure=\count85
\c@table=\count86
\abovecaptionskip=\skip41
\belowcaptionskip=\skip42
\bibindent=\dimen103
)
(/usr/local/texlive/2014/texmf-dist/tex/latex/graphics/graphicx.sty
Package: graphicx 2014/04/25 v1.0g Enhanced LaTeX Graphics (DPC,SPQR)

(/usr/local/texlive/2014/texmf-dist/tex/latex/graphics/keyval.sty
Package: keyval 2014/05/08 v1.15 key=value parser (DPC)
\KV@toks@=\toks14
)
(/usr/local/texlive/2014/texmf-dist/tex/latex/graphics/graphics.sty
Package: graphics 2009/02/05 v1.0o Standard LaTeX Graphics (DPC,SPQR)

(/usr/local/texlive/2014/texmf-dist/tex/latex/graphics/trig.sty
Package: trig 1999/03/16 v1.09 sin cos tan (DPC)
)
(/usr/local/texlive/2014/texmf-dist/tex/latex/latexconfig/graphics.cfg
File: graphics.cfg 2010/04/23 v1.9 graphics configuration of TeX Live
)
Package graphics Info: Driver file: pdftex.def on input line 91.

(/usr/local/texlive/2014/texmf-dist/tex/latex/pdftex-def/pdftex.def
File: pdftex.def 2011/05/27 v0.06d Graphics/color for pdfTeX

(/usr/local/texlive/2014/texmf-dist/tex/generic/oberdiek/infwarerr.sty
Package: infwarerr 2010/04/08 v1.3 Providing info/warning/error messages (HO)
)
(/usr/local/texlive/2014/texmf-dist/tex/generic/oberdiek/ltxcmds.sty
Package: ltxcmds 2011/11/09 v1.22 LaTeX kernel commands for general use (HO)
)
\Gread@gobject=\count87
))
\Gin@req@height=\dimen104
\Gin@req@width=\dimen105
)
(/usr/local/texlive/2014/texmf-dist/tex/latex/psnfss/pifont.sty
Package: pifont 2005/04/12 PSNFSS-v9.2a Pi font support (SPQR) 
LaTeX Font Info:    Try loading font information for U+pzd on input line 63.

(/usr/local/texlive/2014/texmf-dist/tex/latex/psnfss/upzd.fd
File: upzd.fd 2001/06/04 font definitions for U/pzd.
)
LaTeX Font Info:    Try loading font information for U+psy on input line 64.

(/usr/local/texlive/2014/texmf-dist/tex/latex/psnfss/upsy.fd
File: upsy.fd 2001/06/04 font definitions for U/psy.
))
\c@tnote=\count88
\c@fnote=\count89
\c@cnote=\count90
\c@ead=\count91
\c@author=\count92
\@eadauthor=\toks15
\c@affn=\count93
\absbox=\box26
\keybox=\box27
\Columnwidth=\dimen106
\space@left=\dimen107
\els@boxa=\box28
\els@boxb=\box29
\leftMargin=\dimen108
\@enLab=\toks16
\@sep=\skip43
\@@sep=\skip44

(./Duku et al.spl)
(/usr/local/texlive/2014/texmf-dist/tex/latex/natbib/natbib.sty
Package: natbib 2010/09/13 8.31b (PWD, AO)
\bibhang=\skip45
\bibsep=\skip46
LaTeX Info: Redefining \cite on input line 694.
\c@NAT@ctr=\count94
)
\splwrite=\write3
\openout3 = `"Duku et al.spl"'.

)
(/usr/local/texlive/2014/texmf-dist/tex/latex/amsfonts/amssymb.sty
Package: amssymb 2013/01/14 v3.01 AMS font symbols

(/usr/local/texlive/2014/texmf-dist/tex/latex/amsfonts/amsfonts.sty
Package: amsfonts 2013/01/14 v3.01 Basic AMSFonts support
\@emptytoks=\toks17
\symAMSa=\mathgroup4
\symAMSb=\mathgroup5
LaTeX Font Info:    Overwriting math alphabet `\mathfrak' in version `bold'
(Font)                  U/euf/m/n --> U/euf/b/n on input line 106.
))
(/usr/local/texlive/2014/texmf-dist/tex/latex/lineno/lineno.sty
Package: lineno 2005/11/02 line numbers on paragraphs v4.41
\linenopenalty=\count95
\output=\toks18
\linenoprevgraf=\count96
\linenumbersep=\dimen109
\linenumberwidth=\dimen110
\c@linenumber=\count97
\c@pagewiselinenumber=\count98
\c@LN@truepage=\count99
\c@internallinenumber=\count100
\c@internallinenumbers=\count101
\quotelinenumbersep=\dimen111
\bframerule=\dimen112
\bframesep=\dimen113
\bframebox=\box30
LaTeX Info: Redefining \\ on input line 3056.
)
(/usr/local/texlive/2014/texmf-dist/tex/latex/float/float.sty
Package: float 2001/11/08 v1.3d Float enhancements (AL)
\c@float@type=\count102
\float@exts=\toks19
\float@box=\box31
\@float@everytoks=\toks20
\@floatcapt=\box32
)
(/usr/local/texlive/2014/texmf-dist/tex/latex/booktabs/booktabs.sty
Package: booktabs 2005/04/14 v1.61803 publication quality tables
\heavyrulewidth=\dimen114
\lightrulewidth=\dimen115
\cmidrulewidth=\dimen116
\belowrulesep=\dimen117
\belowbottomsep=\dimen118
\aboverulesep=\dimen119
\abovetopsep=\dimen120
\cmidrulesep=\dimen121
\cmidrulekern=\dimen122
\defaultaddspace=\dimen123
\@cmidla=\count103
\@cmidlb=\count104
\@aboverulesep=\dimen124
\@belowrulesep=\dimen125
\@thisruleclass=\count105
\@lastruleclass=\count106
\@thisrulewidth=\dimen126
)
(/usr/local/texlive/2014/texmf-dist/tex/latex/multirow/multirow.sty
\bigstrutjot=\dimen127
)
(./Duku et al.aux)
\openout1 = `"Duku et al.aux"'.

LaTeX Font Info:    Checking defaults for OML/cmm/m/it on input line 82.
LaTeX Font Info:    ... okay on input line 82.
LaTeX Font Info:    Checking defaults for T1/cmr/m/n on input line 82.
LaTeX Font Info:    ... okay on input line 82.
LaTeX Font Info:    Checking defaults for OT1/cmr/m/n on input line 82.
LaTeX Font Info:    ... okay on input line 82.
LaTeX Font Info:    Checking defaults for OMS/cmsy/m/n on input line 82.
LaTeX Font Info:    ... okay on input line 82.
LaTeX Font Info:    Checking defaults for OMX/cmex/m/n on input line 82.
LaTeX Font Info:    ... okay on input line 82.
LaTeX Font Info:    Checking defaults for U/cmr/m/n on input line 82.
LaTeX Font Info:    ... okay on input line 82.

(/usr/local/texlive/2014/texmf-dist/tex/context/base/supp-pdf.mkii
[Loading MPS to PDF converter (version 2006.09.02).]
\scratchcounter=\count107
\scratchdimen=\dimen128
\scratchbox=\box33
\nofMPsegments=\count108
\nofMParguments=\count109
\everyMPshowfont=\toks21
\MPscratchCnt=\count110
\MPscratchDim=\dimen129
\MPnumerator=\count111
\makeMPintoPDFobject=\count112
\everyMPtoPDFconversion=\toks22
) (/usr/local/texlive/2014/texmf-dist/tex/generic/oberdiek/pdftexcmds.sty
Package: pdftexcmds 2011/11/29 v0.20 Utility functions of pdfTeX for LuaTeX (HO
)

(/usr/local/texlive/2014/texmf-dist/tex/generic/oberdiek/ifluatex.sty
Package: ifluatex 2010/03/01 v1.3 Provides the ifluatex switch (HO)
Package ifluatex Info: LuaTeX not detected.
)
(/usr/local/texlive/2014/texmf-dist/tex/generic/oberdiek/ifpdf.sty
Package: ifpdf 2011/01/30 v2.3 Provides the ifpdf switch (HO)
Package ifpdf Info: pdfTeX in PDF mode is detected.
)
Package pdftexcmds Info: LuaTeX not detected.
Package pdftexcmds Info: \pdf@primitive is available.
Package pdftexcmds Info: \pdf@ifprimitive is available.
Package pdftexcmds Info: \pdfdraftmode found.
)
(/usr/local/texlive/2014/texmf-dist/tex/latex/oberdiek/epstopdf-base.sty
Package: epstopdf-base 2010/02/09 v2.5 Base part for package epstopdf

(/usr/local/texlive/2014/texmf-dist/tex/latex/oberdiek/grfext.sty
Package: grfext 2010/08/19 v1.1 Manage graphics extensions (HO)

(/usr/local/texlive/2014/texmf-dist/tex/generic/oberdiek/kvdefinekeys.sty
Package: kvdefinekeys 2011/04/07 v1.3 Define keys (HO)
))
(/usr/local/texlive/2014/texmf-dist/tex/latex/oberdiek/kvoptions.sty
Package: kvoptions 2011/06/30 v3.11 Key value format for package options (HO)

(/usr/local/texlive/2014/texmf-dist/tex/generic/oberdiek/kvsetkeys.sty
Package: kvsetkeys 2012/04/25 v1.16 Key value parser (HO)

(/usr/local/texlive/2014/texmf-dist/tex/generic/oberdiek/etexcmds.sty
Package: etexcmds 2011/02/16 v1.5 Avoid name clashes with e-TeX commands (HO)
Package etexcmds Info: Could not find \expanded.
(etexcmds)             That can mean that you are not using pdfTeX 1.50 or
(etexcmds)             that some package has redefined \expanded.
(etexcmds)             In the latter case, load this package earlier.
)))
Package grfext Info: Graphics extension search list:
(grfext)             [.png,.pdf,.jpg,.mps,.jpeg,.jbig2,.jb2,.PNG,.PDF,.JPG,.JPE
G,.JBIG2,.JB2,.eps]
(grfext)             \AppendGraphicsExtensions on input line 452.

(/usr/local/texlive/2014/texmf-dist/tex/latex/latexconfig/epstopdf-sys.cfg
File: epstopdf-sys.cfg 2010/07/13 v1.3 Configuration of (r)epstopdf for TeX Liv
e
))
LaTeX Font Info:    Try loading font information for U+msa on input line 138.

(/usr/local/texlive/2014/texmf-dist/tex/latex/amsfonts/umsa.fd
File: umsa.fd 2013/01/14 v3.01 AMS symbols A
)
LaTeX Font Info:    Try loading font information for U+msb on input line 138.

(/usr/local/texlive/2014/texmf-dist/tex/latex/amsfonts/umsb.fd
File: umsb.fd 2013/01/14 v3.01 AMS symbols B
) [1


{/usr/local/texlive/2014/texmf-var/fonts/map/pdftex/updmap/pdftex.map}] [2] [3]
 [4]

LaTeX Warning: Reference `' on page 5 undefined on input line 208.

[5] [6] [7]
Package epstopdf Info: Source file: <figures/LB.eps>
(epstopdf)                    date: 2014-07-03 17:59:00
(epstopdf)                    size: 19793 bytes
(epstopdf)             Output file: <figures/LB-eps-converted-to.pdf>
(epstopdf)                    date: 2014-07-03 18:00:02
(epstopdf)                    size: 13758 bytes
(epstopdf)             Command: <repstopdf --outfile=figures/LB-eps-converted-t
o.pdf figures/LB.eps>
(epstopdf)             \includegraphics on input line 236.
Package epstopdf Info: Output file is already uptodate.
 <figures/LB-eps-converted-to.pdf, id=41, 398.48875pt x 341.275pt>
File: figures/LB-eps-converted-to.pdf Graphic file (type pdf)

<use figures/LB-eps-converted-to.pdf>
Package pdftex.def Info: figures/LB-eps-converted-to.pdf used on input line 236
.
(pdftex.def)             Requested size: 398.33858pt x 341.15958pt.

Overfull \hbox (8.33858pt too wide) in paragraph at lines 236--237
[][] 
 []

[8 <./figures/LB-eps-converted-to.pdf>]
Package epstopdf Info: Source file: <figures/BB.eps>
(epstopdf)                    date: 2014-07-03 17:59:00
(epstopdf)                    size: 19575 bytes
(epstopdf)             Output file: <figures/BB-eps-converted-to.pdf>
(epstopdf)                    date: 2014-07-03 18:00:03
(epstopdf)                    size: 14468 bytes
(epstopdf)             Command: <repstopdf --outfile=figures/BB-eps-converted-t
o.pdf figures/BB.eps>
(epstopdf)             \includegraphics on input line 262.
Package epstopdf Info: Output file is already uptodate.

<figures/BB-eps-converted-to.pdf, id=52, 398.48875pt x 341.275pt>
File: figures/BB-eps-converted-to.pdf Graphic file (type pdf)

<use figures/BB-eps-converted-to.pdf>
Package pdftex.def Info: figures/BB-eps-converted-to.pdf used on input line 262
.
(pdftex.def)             Requested size: 398.33858pt x 341.15958pt.

Overfull \hbox (8.33858pt too wide) in paragraph at lines 262--264
[][]
 []

[9] [10 <./figures/BB-eps-converted-to.pdf>] (./Duku et al.bbl
LaTeX Font Info:    Try loading font information for OMS+cmr on input line 53.

(/usr/local/texlive/2014/texmf-dist/tex/latex/base/omscmr.fd
File: omscmr.fd 1999/05/25 v2.5h Standard LaTeX font definitions
)
LaTeX Font Info:    Font shape `OMS/cmr/m/n' in size <12> not available
(Font)              Font shape `OMS/cmsy/m/n' tried instead on input line 53.

Underfull \hbox (badness 10000) in paragraph at lines 43--54
[]\OT1/cmr/m/n/12 V. Verdier, C. V. Cruz, J. E. Leach, Con-trol-ling rice
 []


Underfull \hbox (badness 10000) in paragraph at lines 43--54
\OT1/cmr/m/n/12 bac-te-rial blight in Africa: Needs and prospects, Jour-nal
 []


Underfull \hbox (badness 10000) in paragraph at lines 43--54
\OT1/cmr/m/n/12 of Biotech-nol-ogy 159 (4) (2012) 320 -- 328, ISSN 0168-
 []


Underfull \hbox (badness 10000) in paragraph at lines 43--54
\OT1/cmr/m/n/12 1656, doi:http://dx.doi.org/10.1016/j.jbiotec.2011.09.020, URL
 []


Overfull \hbox (44.96658pt too wide) in paragraph at lines 43--54
\OT1/cmtt/m/n/12 http://www.sciencedirect.com/science/article/pii/S016816561100
5578\OT1/cmr/m/n/12 ,
 []


Underfull \hbox (badness 3492) in paragraph at lines 64--74
\OT1/cmr/m/n/12 pathogen pol-lu-tion, cli-mate change and agrotech-nol-ogy driv
ers,
 []


Underfull \hbox (badness 10000) in paragraph at lines 64--74
\OT1/cmr/m/n/12 0169-5347, doi:http://dx.doi.org/10.1016/j.tree.2004.07.021, UR
L
 []


Overfull \hbox (44.96658pt too wide) in paragraph at lines 64--74
\OT1/cmtt/m/n/12 http://www.sciencedirect.com/science/article/pii/S016953470400
2186\OT1/cmr/m/n/12 . 
 []

[11]
Underfull \hbox (badness 1092) in paragraph at lines 87--96
\OT1/cmr/m/n/12 Travers, Cli-mate Change Ef-fects on Plant Dis-ease: Genomes to

 []


Underfull \hbox (badness 4859) in paragraph at lines 87--96
\OT1/cmr/m/n/12 Ecosys-tems, An-nual Re-view of Phy-topathol-ogy 44 (1) (2006)
 []


Underfull \hbox (badness 10000) in paragraph at lines 87--96
\OT1/cmr/m/n/12 489--509, doi:10.1146/annurev.phyto.44.070505.143420, URL
 []


Underfull \hbox (badness 10000) in paragraph at lines 87--96
\OT1/cmtt/m/n/12 http://dx.doi.org/10.1146/annurev.phyto.44.070505.143420\OT1/c
mr/m/n/12 ,
 []


Underfull \hbox (badness 1867) in paragraph at lines 98--105
[]\OT1/cmr/m/n/12 S. Chakraborty, A. C. New-ton, Cli-mate change, plant dis-eas
es
 []


Underfull \hbox (badness 1168) in paragraph at lines 98--105
\OT1/cmr/m/n/12 and food se-cu-rity: an overview, Plant Pathol-ogy 60 (1) (2011
)
 []


Underfull \hbox (badness 1968) in paragraph at lines 98--105
\OT1/cmr/m/n/12 2--14, ISSN 1365-3059, doi:10.1111/j.1365-3059.2010.02411.x, UR
L
 []


Underfull \hbox (badness 4156) in paragraph at lines 107--114
[]\OT1/cmr/m/n/12 P. Ju-roszek, A. von Tiede-mann, Po-ten-tial strate-gies and 
fu-
 []


Underfull \hbox (badness 10000) in paragraph at lines 107--114
\OT1/cmr/m/n/12 ture re-quire-ments for plant dis-ease man-age-ment un-der a
 []


Underfull \hbox (badness 10000) in paragraph at lines 107--114
\OT1/cmr/m/n/12 chang-ing cli-mate, Plant Pathol-ogy 60 (1) (2011) 100--112,
 []


Underfull \hbox (badness 10000) in paragraph at lines 107--114
\OT1/cmr/m/n/12 ISSN 1365-3059, doi:10.1111/j.1365-3059.2010.02410.x, URL
 []

Missing character: There is no Ë in font cmr12!
Missing character: There is no › in font cmr12!

Underfull \hbox (badness 4441) in paragraph at lines 117--126
[]\OT1/cmr/m/n/12 J. Luck, M. Spack-man, A. Free-man, P. Tre-bicki, W. Grif-
 []


Underfull \hbox (badness 7344) in paragraph at lines 117--126
\OT1/cmr/m/n/12 fiths, K. Fin-lay, S. Chakraborty, Cli-mate change and dis-
 []


Underfull \hbox (badness 3536) in paragraph at lines 117--126
\OT1/cmr/m/n/12 eases of food crops, Plant Pathol-ogy 60 (1) (2011) 113--121,
 []


Underfull \hbox (badness 10000) in paragraph at lines 117--126
\OT1/cmr/m/n/12 ISSN 1365-3059, doi:10.1111/j.1365-3059.2010.02414.x, URL
 []


Underfull \hbox (badness 6708) in paragraph at lines 129--139
\OT1/cmr/m/n/12 N. Salama, M. J. Jeger, E. Lange, S. Hehl-Lange, Plant
 []


Underfull \hbox (badness 10000) in paragraph at lines 129--139
\OT1/cmr/m/n/12 health and global change -- some im-pli-ca-tions for land-
 []


Underfull \hbox (badness 3579) in paragraph at lines 129--139
\OT1/cmr/m/n/12 scape man-age-ment, Bi-o-log-i-cal Re-views 85 (4) (2010) 729--
755,
 []


Underfull \hbox (badness 10000) in paragraph at lines 129--139
\OT1/cmr/m/n/12 ISSN 1469-185X, doi:10.1111/j.1469-185X.2010.00123.x, URL
 []


Underfull \hbox (badness 1668) in paragraph at lines 143--156
\OT1/cmr/m/n/12 S. Pande, M. Sharma, J. Yuen, A. Djurle, In-ter-na-tional Agri-

 []


Underfull \hbox (badness 3646) in paragraph at lines 143--156
\OT1/cmr/m/n/12 cul-tural Re-search Tack-ling the Ef-fects of Global and Cli-ma
te
 []

[12]
Underfull \hbox (badness 2894) in paragraph at lines 181--189
[]\OT1/cmr/m/n/12 R. J. Hi-j-mans, G. A. Forbes, T. S. Walker, Es-ti-mat-ing th
e
 []


Underfull \hbox (badness 10000) in paragraph at lines 181--189
\OT1/cmr/m/n/12 global sever-ity of potato late blight with GIS-linked dis-
 []


Underfull \hbox (badness 3260) in paragraph at lines 181--189
\OT1/cmr/m/n/12 ease fore-cast mod-els, Plant Pathol-ogy 49 (6) (2000) 697--705
,
 []


Underfull \hbox (badness 10000) in paragraph at lines 181--189
\OT1/cmr/m/n/12 ISSN 1365-3059, doi:10.1046/j.1365-3059.2000.00511.x, URL
 []


Underfull \hbox (badness 3229) in paragraph at lines 201--209
[]\OT1/cmr/m/n/12 S. Savary, A. Nel-son, L. Willoc-quet, I. Pangga, J. Au-nario
,
 []


Underfull \hbox (badness 10000) in paragraph at lines 201--209
\OT1/cmr/m/n/12 Mod-el-ing and map-ping po-ten-tial epi-demics of rice dis-ease
s
 []


Underfull \hbox (badness 3219) in paragraph at lines 201--209
\OT1/cmr/m/n/12 glob-ally, Crop Pro-tec-tion 34 (0) (2012) 6 -- 17, ISSN 0261-
 []


Underfull \hbox (badness 10000) in paragraph at lines 201--209
\OT1/cmr/m/n/12 2194, doi:http://dx.doi.org/10.1016/j.cropro.2011.11.009, URL
 []


Overfull \hbox (44.96658pt too wide) in paragraph at lines 201--209
\OT1/cmtt/m/n/12 http://www.sciencedirect.com/science/article/pii/S026121941100
3656\OT1/cmr/m/n/12 . 
 []

Missing character: There is no â in font cmr12!
Missing character: There is no ‚ in font cmr12!
Missing character: There is no ¬ in font cmr12!

Underfull \hbox (badness 1888) in paragraph at lines 212--221
[]\OT1/cmr/m/n/12 L. Willoc-quet, S. Savary, L. Fer-nan-dez, F. Elazegui, P. Te
ng,
 []


Underfull \hbox (badness 2600) in paragraph at lines 212--221
\OT1/cmr/m/n/12 De-vel-op-ment and eval-u-a-tion of a multiple-pest, pro-duc-ti
on sit-
 []


Underfull \hbox (badness 1082) in paragraph at lines 212--221
\OT1/cmr/m/n/12 u-a-tion spe-cific model to sim-u-late yield losses of rice in 
trop-i-cal
 []


Underfull \hbox (badness 1789) in paragraph at lines 212--221
\OT1/cmr/m/n/12 Asia, Eco-log-i-cal Mod-elling 131 (2^a``3) (2000) 133 -- 159, 
ISSN
 []


Overfull \hbox (44.96658pt too wide) in paragraph at lines 212--221
\OT1/cmtt/m/n/12 http://www.sciencedirect.com/science/article/pii/S030438000000
2714\OT1/cmr/m/n/12 . 
 []

[13]
Overfull \hbox (44.96658pt too wide) in paragraph at lines 224--237
\OT1/cmtt/m/n/12 http://www.sciencedirect.com/science/article/pii/S030438000200
0145\OT1/cmr/m/n/12 . 
 []


Underfull \hbox (badness 1024) in paragraph at lines 246--254
[]\OT1/cmr/m/n/12 P. Rowhani, D. B. Lo-bell, M. Lin-der-man, N. Ra-mankutty, Cl
i-
 []


Underfull \hbox (badness 2600) in paragraph at lines 246--254
\OT1/cmr/m/n/12 mate vari-abil-ity and crop pro-duc-tion in Tan-za-nia, Agri-cu
l-tural
 []


Underfull \hbox (badness 1515) in paragraph at lines 246--254
\OT1/cmr/m/n/12 and For-est Me-te-o-rol-ogy 151 (4) (2011) 449 -- 460, ISSN 016
8-
 []


Underfull \hbox (badness 10000) in paragraph at lines 246--254
\OT1/cmr/m/n/12 1923, doi:http://dx.doi.org/10.1016/j.agrformet.2010.12.002, UR
L
 []


Overfull \hbox (44.96658pt too wide) in paragraph at lines 246--254
\OT1/cmtt/m/n/12 http://www.sciencedirect.com/science/article/pii/S016819231000
3357\OT1/cmr/m/n/12 . 
 []


Underfull \hbox (badness 10000) in paragraph at lines 274--279
[]\OT1/cmr/m/n/12 L. Mad-den, Botan-i-cal Epi-demi-ol-ogy: Some Key Ad-
 []


Underfull \hbox (badness 10000) in paragraph at lines 274--279
\OT1/cmr/m/n/12 vances and its Con-tin-u-ing Role in Dis-ease Man-age-ment
 []


Underfull \hbox (badness 10000) in paragraph at lines 274--279
\OT1/cmr/m/n/12 115 (1) (2006) 3--23, doi:10.1007/s10658-005-1229-5, URL
 []

[14]
Underfull \hbox (badness 10000) in paragraph at lines 306--311
[]\OT1/cmr/m/n/12 R. Bi-vand, T. Keitt, B. Rowl-ing-son, rgdal: Bind-
 []


Underfull \hbox (badness 10000) in paragraph at lines 306--311
\OT1/cmr/m/n/12 ings for the Geospa-tial Data Ab-strac-tion Li-brary, URL
 []


Underfull \hbox (badness 10000) in paragraph at lines 306--311
\OT1/cmtt/m/n/12 http://CRAN.R-project.org/package=rgdal\OT1/cmr/m/n/12 , r pac
k-age ver-sion
 []


Underfull \hbox (badness 1400) in paragraph at lines 313--317
[]\OT1/cmr/m/n/12 B. Rip-ley, M. Lap-s-ley, RODBC: ODBC Database Ac-cess, URL
 []


Underfull \hbox (badness 10000) in paragraph at lines 329--338
[]\OT1/cmr/m/n/12 F. T. Port-mann, S. Siebert, P. D^^?oll, MIRCA2000---Global
 []


Underfull \hbox (badness 1259) in paragraph at lines 329--338
\OT1/cmr/m/n/12 monthly ir-ri-gated and rain-fed crop ar-eas around the year 20
00:
 []


Underfull \hbox (badness 7504) in paragraph at lines 329--338
\OT1/cmr/m/n/12 A new high-resolution data set for agri-cul-tural and hy-dro-
 []


Underfull \hbox (badness 4518) in paragraph at lines 329--338
\OT1/cmr/m/n/12 log-i-cal mod-el-ing, Global Bio-geo-chem-i-cal Cy-cles 24 (1) 
(2010)
 []


Underfull \hbox (badness 10000) in paragraph at lines 329--338
\OT1/cmr/m/n/12 n/a--n/a, ISSN 1944-9224, doi:10.1029/2008GB003435, URL
 []


Underfull \hbox (badness 2951) in paragraph at lines 346--354
\OT1/cmr/m/n/12 to gen-er-ate daily weather data for the \OMS/cmsy/m/n/12 f\OT1
/cmr/m/n/12 EPIC\OMS/cmsy/m/n/12 g \OT1/cmr/m/n/12 model, En-vi-
 []


Underfull \hbox (badness 1715) in paragraph at lines 346--354
\OT1/cmr/m/n/12 1364-8152, doi:http://dx.doi.org/10.1016/j.envsoft.2008.10.008,
 URL
 []


Overfull \hbox (44.96658pt too wide) in paragraph at lines 346--354
\OT1/cmtt/m/n/12 http://www.sciencedirect.com/science/article/pii/S136481520800
1904\OT1/cmr/m/n/12 . 
 []


Underfull \hbox (badness 5446) in paragraph at lines 356--363
[]\OT1/cmr/m/n/12 S. Geng, F. W. P. de Vries, I. Supit, A sim-ple method
 []


Underfull \hbox (badness 10000) in paragraph at lines 356--363
\OT1/cmr/m/n/12 for gen-er-at-ing daily rain-fall data, Agri-cul-tural and For-

 []


Underfull \hbox (badness 5460) in paragraph at lines 356--363
\OT1/cmr/m/n/12 est Me-te-o-rol-ogy 36 (4) (1986) 363 -- 376, ISSN 0168-1923,
 []


Underfull \hbox (badness 10000) in paragraph at lines 356--363
\OT1/cmr/m/n/12 doi:http://dx.doi.org/10.1016/0168-1923(86)90014-6, URL
 []


Overfull \hbox (38.79158pt too wide) in paragraph at lines 356--363
\OT1/cmtt/m/n/12 http://www.sciencedirect.com/science/article/pii/0168192386900
146\OT1/cmr/m/n/12 . 
 []

[15]
Underfull \hbox (badness 4673) in paragraph at lines 379--387
[]\OT1/cmr/m/n/12 M. B. Burke, D. B. Lo-bell, L. Guar-ino, Shifts in African
 []


Underfull \hbox (badness 7631) in paragraph at lines 379--387
\OT1/cmr/m/n/12 crop cli-mates by 2050, and the im-pli-ca-tions for crop im-
 []


Underfull \hbox (badness 10000) in paragraph at lines 379--387
\OT1/cmr/m/n/12 prove-ment and ge-netic re-sources con-ser-va-tion, Global En-
 []


Underfull \hbox (badness 6641) in paragraph at lines 379--387
\OT1/cmr/m/n/12 vi-ron-men-tal Change 19 (3) (2009) 317 -- 325, ISSN 0959-
 []


Underfull \hbox (badness 10000) in paragraph at lines 379--387
\OT1/cmr/m/n/12 3780, doi:http://dx.doi.org/10.1016/j.gloenvcha.2009.04.003, UR
L
 []


Overfull \hbox (44.96658pt too wide) in paragraph at lines 379--387
\OT1/cmtt/m/n/12 http://www.sciencedirect.com/science/article/pii/S095937800900
0351\OT1/cmr/m/n/12 . 
 []

) [16] (./Duku et al.aux)

LaTeX Warning: There were undefined references.

 ) 
Here is how much of TeX's memory you used:
 2920 strings out of 493117
 39714 string characters out of 6135434
 103461 words of memory out of 5000000
 6307 multiletter control sequences out of 15000+600000
 12959 words of font info for 50 fonts, out of 8000000 for 9000
 1141 hyphenation exceptions out of 8191
 38i,9n,30p,1895b,312s stack positions out of 5000i,500n,10000p,200000b,80000s
</usr/local/texlive/2014/texmf-dist/fonts/type1/public/amsfonts/cm/cmbx12.pfb
></usr/local/texlive/2014/texmf-dist/fonts/type1/public/amsfonts/cm/cmmi12.pfb>
</usr/local/texlive/2014/texmf-dist/fonts/type1/public/amsfonts/cm/cmmi8.pfb></
usr/local/texlive/2014/texmf-dist/fonts/type1/public/amsfonts/cm/cmr10.pfb></us
r/local/texlive/2014/texmf-dist/fonts/type1/public/amsfonts/cm/cmr12.pfb></usr/
local/texlive/2014/texmf-dist/fonts/type1/public/amsfonts/cm/cmr17.pfb></usr/lo
cal/texlive/2014/texmf-dist/fonts/type1/public/amsfonts/cm/cmr7.pfb></usr/local
/texlive/2014/texmf-dist/fonts/type1/public/amsfonts/cm/cmr8.pfb></usr/local/te
xlive/2014/texmf-dist/fonts/type1/public/amsfonts/cm/cmss8.pfb></usr/local/texl
ive/2014/texmf-dist/fonts/type1/public/amsfonts/cm/cmsy10.pfb></usr/local/texli
ve/2014/texmf-dist/fonts/type1/public/amsfonts/cm/cmsy7.pfb></usr/local/texlive
/2014/texmf-dist/fonts/type1/public/amsfonts/cm/cmsy8.pfb></usr/local/texlive/2
014/texmf-dist/fonts/type1/public/amsfonts/cm/cmti10.pfb></usr/local/texlive/20
14/texmf-dist/fonts/type1/public/amsfonts/cm/cmti12.pfb></usr/local/texlive/201
4/texmf-dist/fonts/type1/public/amsfonts/cm/cmti7.pfb></usr/local/texlive/2014/
texmf-dist/fonts/type1/public/amsfonts/cm/cmtt10.pfb></usr/local/texlive/2014/t
exmf-dist/fonts/type1/public/amsfonts/cm/cmtt12.pfb>
Output written on "Duku et al.pdf" (16 pages, 252071 bytes).
PDF statistics:
 140 PDF objects out of 1000 (max. 8388607)
 98 compressed objects within 1 object stream
 0 named destinations out of 1000 (max. 500000)
 11 words of extra memory for PDF output out of 10000 (max. 10000000)

